//----------------------------------------------

26/07/16 10:57.49 - 0001

Error with addLogEntry() function in log.php

logName = 'errsdor'
_SERVER:
array (
  'REDIRECT_HANDLER' => 'application/x-httpd-php',
  'REDIRECT_STATUS' => '200',
  'HTTP_HOST' => 'localhost',
  'HTTP_CONNECTION' => 'keep-alive',
  'HTTP_CACHE_CONTROL' => 'max-age=0',
  'HTTP_UPGRADE_INSECURE_REQUESTS' => '1',
  'HTTP_USER_AGENT' => 'Mozilla/5.0 (Windows NT 10.0; WOW64) AppleWebKit/537.36 (KHTML, like Gecko) Chrome/51.0.2704.103 Safari/537.36',
  'HTTP_ACCEPT' => 'text/html,application/xhtml+xml,application/xml;q=0.9,image/webp,*/*;q=0.8',
  'HTTP_ACCEPT_ENCODING' => 'gzip, deflate, sdch',
  'HTTP_ACCEPT_LANGUAGE' => 'en-AU,en;q=0.8',
  'PATH' => 'C:\\ProgramData\\Oracle\\Java\\javapath;C:\\WINDOWS\\system32;C:\\WINDOWS;C:\\WINDOWS\\System32\\Wbem;C:\\WINDOWS\\System32\\WindowsPowerShell\\v1.0\\;C:\\Program Files (x86)\\Skype\\Phone\\;C:\\Program Files (x86)\\QuickTime\\QTSystem\\;C:\\Program Files (x86)\\GtkSharp\\2.12\\bin',
  'SystemRoot' => 'C:\\WINDOWS',
  'COMSPEC' => 'C:\\WINDOWS\\system32\\cmd.exe',
  'PATHEXT' => '.COM;.EXE;.BAT;.CMD;.VBS;.VBE;.JS;.JSE;.WSF;.WSH;.MSC',
  'WINDIR' => 'C:\\WINDOWS',
  'SERVER_SIGNATURE' => '',
  'SERVER_SOFTWARE' => 'Apache/2.4.23 (Win32) OpenSSL/1.0.2h',
  'SERVER_NAME' => 'localhost',
  'SERVER_ADDR' => '::1',
  'SERVER_PORT' => '80',
  'REMOTE_ADDR' => '::1',
  'DOCUMENT_ROOT' => 'C:/Users/hazzj/Google Drive/Home/Stuff/Apache-Server/htdocs',
  'REQUEST_SCHEME' => 'http',
  'CONTEXT_PREFIX' => '/php/',
  'CONTEXT_DOCUMENT_ROOT' => 'c:/php/',
  'SERVER_ADMIN' => 'admin@example.com',
  'SCRIPT_FILENAME' => 'C:\\Users\\hazzj\\Google Drive\\Home\\Stuff\\Apache-Server\\htdocs\\QuickPub\\index.php',
  'REMOTE_PORT' => '50614',
  'REDIRECT_URL' => '/quickpub/index.php',
  'GATEWAY_INTERFACE' => 'CGI/1.1',
  'SERVER_PROTOCOL' => 'HTTP/1.1',
  'REQUEST_METHOD' => 'GET',
  'QUERY_STRING' => '',
  'REQUEST_URI' => '/quickpub/',
  'SCRIPT_NAME' => '/quickpub/index.php',
  'ORIG_SCRIPT_FILENAME' => 'C:/php/php-cgi.exe',
  'ORIG_PATH_INFO' => '/quickpub/index.php',
  'ORIG_PATH_TRANSLATED' => 'C:\\Users\\hazzj\\Google Drive\\Home\\Stuff\\Apache-Server\\htdocs\\QuickPub\\index.php',
  'ORIG_SCRIPT_NAME' => '/php/php-cgi.exe',
  'PHP_SELF' => '/quickpub/index.php',
  'REQUEST_TIME_FLOAT' => 1469530669.9875121,
  'REQUEST_TIME' => 1469530669,
)


//----------------------------------------------

26/07/16 10:58.03 - 0001

Error with addLogEntry() function in log.php

logName = 'errsdor'
_SERVER:
array (
  'REDIRECT_HANDLER' => 'application/x-httpd-php',
  'REDIRECT_STATUS' => '200',
  'HTTP_HOST' => 'localhost',
  'HTTP_CONNECTION' => 'keep-alive',
  'HTTP_CACHE_CONTROL' => 'max-age=0',
  'HTTP_UPGRADE_INSECURE_REQUESTS' => '1',
  'HTTP_USER_AGENT' => 'Mozilla/5.0 (Windows NT 10.0; WOW64) AppleWebKit/537.36 (KHTML, like Gecko) Chrome/51.0.2704.103 Safari/537.36',
  'HTTP_ACCEPT' => 'text/html,application/xhtml+xml,application/xml;q=0.9,image/webp,*/*;q=0.8',
  'HTTP_ACCEPT_ENCODING' => 'gzip, deflate, sdch',
  'HTTP_ACCEPT_LANGUAGE' => 'en-AU,en;q=0.8',
  'PATH' => 'C:\\ProgramData\\Oracle\\Java\\javapath;C:\\WINDOWS\\system32;C:\\WINDOWS;C:\\WINDOWS\\System32\\Wbem;C:\\WINDOWS\\System32\\WindowsPowerShell\\v1.0\\;C:\\Program Files (x86)\\Skype\\Phone\\;C:\\Program Files (x86)\\QuickTime\\QTSystem\\;C:\\Program Files (x86)\\GtkSharp\\2.12\\bin',
  'SystemRoot' => 'C:\\WINDOWS',
  'COMSPEC' => 'C:\\WINDOWS\\system32\\cmd.exe',
  'PATHEXT' => '.COM;.EXE;.BAT;.CMD;.VBS;.VBE;.JS;.JSE;.WSF;.WSH;.MSC',
  'WINDIR' => 'C:\\WINDOWS',
  'SERVER_SIGNATURE' => '',
  'SERVER_SOFTWARE' => 'Apache/2.4.23 (Win32) OpenSSL/1.0.2h',
  'SERVER_NAME' => 'localhost',
  'SERVER_ADDR' => '::1',
  'SERVER_PORT' => '80',
  'REMOTE_ADDR' => '::1',
  'DOCUMENT_ROOT' => 'C:/Users/hazzj/Google Drive/Home/Stuff/Apache-Server/htdocs',
  'REQUEST_SCHEME' => 'http',
  'CONTEXT_PREFIX' => '/php/',
  'CONTEXT_DOCUMENT_ROOT' => 'c:/php/',
  'SERVER_ADMIN' => 'admin@example.com',
  'SCRIPT_FILENAME' => 'C:\\Users\\hazzj\\Google Drive\\Home\\Stuff\\Apache-Server\\htdocs\\QuickPub\\index.php',
  'REMOTE_PORT' => '51380',
  'REDIRECT_URL' => '/quickpub/index.php',
  'GATEWAY_INTERFACE' => 'CGI/1.1',
  'SERVER_PROTOCOL' => 'HTTP/1.1',
  'REQUEST_METHOD' => 'GET',
  'QUERY_STRING' => '',
  'REQUEST_URI' => '/quickpub/',
  'SCRIPT_NAME' => '/quickpub/index.php',
  'ORIG_SCRIPT_FILENAME' => 'C:/php/php-cgi.exe',
  'ORIG_PATH_INFO' => '/quickpub/index.php',
  'ORIG_PATH_TRANSLATED' => 'C:\\Users\\hazzj\\Google Drive\\Home\\Stuff\\Apache-Server\\htdocs\\QuickPub\\index.php',
  'ORIG_SCRIPT_NAME' => '/php/php-cgi.exe',
  'PHP_SELF' => '/quickpub/index.php',
  'REQUEST_TIME_FLOAT' => 1469530683.0148311,
  'REQUEST_TIME' => 1469530683,
)


//----------------------------------------------

26/07/16 10:58.28 - 0000

Log Started
_SERVER:
array (
  'REDIRECT_HANDLER' => 'application/x-httpd-php',
  'REDIRECT_STATUS' => '200',
  'HTTP_HOST' => 'localhost',
  'HTTP_CONNECTION' => 'keep-alive',
  'HTTP_CACHE_CONTROL' => 'max-age=0',
  'HTTP_UPGRADE_INSECURE_REQUESTS' => '1',
  'HTTP_USER_AGENT' => 'Mozilla/5.0 (Windows NT 10.0; WOW64) AppleWebKit/537.36 (KHTML, like Gecko) Chrome/51.0.2704.103 Safari/537.36',
  'HTTP_ACCEPT' => 'text/html,application/xhtml+xml,application/xml;q=0.9,image/webp,*/*;q=0.8',
  'HTTP_ACCEPT_ENCODING' => 'gzip, deflate, sdch',
  'HTTP_ACCEPT_LANGUAGE' => 'en-AU,en;q=0.8',
  'PATH' => 'C:\\ProgramData\\Oracle\\Java\\javapath;C:\\WINDOWS\\system32;C:\\WINDOWS;C:\\WINDOWS\\System32\\Wbem;C:\\WINDOWS\\System32\\WindowsPowerShell\\v1.0\\;C:\\Program Files (x86)\\Skype\\Phone\\;C:\\Program Files (x86)\\QuickTime\\QTSystem\\;C:\\Program Files (x86)\\GtkSharp\\2.12\\bin',
  'SystemRoot' => 'C:\\WINDOWS',
  'COMSPEC' => 'C:\\WINDOWS\\system32\\cmd.exe',
  'PATHEXT' => '.COM;.EXE;.BAT;.CMD;.VBS;.VBE;.JS;.JSE;.WSF;.WSH;.MSC',
  'WINDIR' => 'C:\\WINDOWS',
  'SERVER_SIGNATURE' => '',
  'SERVER_SOFTWARE' => 'Apache/2.4.23 (Win32) OpenSSL/1.0.2h',
  'SERVER_NAME' => 'localhost',
  'SERVER_ADDR' => '::1',
  'SERVER_PORT' => '80',
  'REMOTE_ADDR' => '::1',
  'DOCUMENT_ROOT' => 'C:/Users/hazzj/Google Drive/Home/Stuff/Apache-Server/htdocs',
  'REQUEST_SCHEME' => 'http',
  'CONTEXT_PREFIX' => '/php/',
  'CONTEXT_DOCUMENT_ROOT' => 'c:/php/',
  'SERVER_ADMIN' => 'admin@example.com',
  'SCRIPT_FILENAME' => 'C:\\Users\\hazzj\\Google Drive\\Home\\Stuff\\Apache-Server\\htdocs\\QuickPub\\index.php',
  'REMOTE_PORT' => '52864',
  'REDIRECT_URL' => '/quickpub/index.php',
  'GATEWAY_INTERFACE' => 'CGI/1.1',
  'SERVER_PROTOCOL' => 'HTTP/1.1',
  'REQUEST_METHOD' => 'GET',
  'QUERY_STRING' => '',
  'REQUEST_URI' => '/quickpub/',
  'SCRIPT_NAME' => '/quickpub/index.php',
  'ORIG_SCRIPT_FILENAME' => 'C:/php/php-cgi.exe',
  'ORIG_PATH_INFO' => '/quickpub/index.php',
  'ORIG_PATH_TRANSLATED' => 'C:\\Users\\hazzj\\Google Drive\\Home\\Stuff\\Apache-Server\\htdocs\\QuickPub\\index.php',
  'ORIG_SCRIPT_NAME' => '/php/php-cgi.exe',
  'PHP_SELF' => '/quickpub/index.php',
  'REQUEST_TIME_FLOAT' => 1469530708.3060551,
  'REQUEST_TIME' => 1469530708,
)


